<?xml version="1.0" encoding="UTF-8"?>
<testsuite xmlns:xsi="http://www.w3.org/2001/XMLSchema-instance" xsi:noNamespaceSchemaLocation="https://maven.apache.org/surefire/maven-surefire-plugin/xsd/surefire-test-report-3.0.xsd" version="3.0" name="com.ucv.controllers.AdminDashboardControllerTest" time="0.917" tests="3" errors="0" skipped="0" failures="0">
  <properties>
[...]
</properties>
  <testcase name="testChangePasswordListener" classname="com.ucv.controllers.AdminDashboardControllerTest" time="0.697">
    <system-err><![CDATA[Error: No se pudo cargar la fuente 'Inter-Regular.ttf'. Usando fuente por defecto.
Error: No se pudo cargar la fuente 'Inter-Regular.ttf'. Usando fuente por defecto.
]]></system-err>
  </testcase>
  <testcase name="testShowUserMenuListener" classname="com.ucv.controllers.AdminDashboardControllerTest" time="0.089">
    <system-err><![CDATA[Error: No se pudo cargar la fuente 'Inter-Regular.ttf'. Usando fuente por defecto.
Error: No se pudo cargar la fuente 'Inter-Regular.ttf'. Usando fuente por defecto.
]]></system-err>
  </testcase>
  <testcase name="testReportProblemListener" classname="com.ucv.controllers.AdminDashboardControllerTest" time="0.079">
    <system-err><![CDATA[Error: No se pudo cargar la fuente 'Inter-Regular.ttf'. Usando fuente por defecto.
Error: No se pudo cargar la fuente 'Inter-Regular.ttf'. Usando fuente por defecto.
]]></system-err>
  </testcase>
</testsuite>